<?xml version="1.0" encoding="UTF-8"?>
<!-- Generated by org.testng.reporters.JUnitReportReporter -->
<testsuite hostname="USC-W-9YFYVL3" failures="0" tests="1" name="testngpackage.Beforeaftertestselenium" time="37.754" errors="0" timestamp="2023-04-03T12:58:43 EDT" skipped="0">
  <testcase classname="testngpackage.Beforeaftertestselenium" name="performLogin" time="37.754"/>
  <system-out/>
</testsuite> <!-- testngpackage.Beforeaftertestselenium -->
