<?xml version="1.0" encoding="UTF-8"?>
<!-- Generated by org.testng.reporters.JUnitReportReporter -->
<testsuite hostname="USC-W-9YFYVL3" failures="0" tests="3" name="testngpackage.Dataproviderselenium" time="113.615" errors="0" timestamp="2023-04-03T13:05:10 EDT" skipped="0">
  <testcase classname="testngpackage.Dataproviderselenium" name="checking" time="36.669"/>
  <system-out/>
  <testcase classname="testngpackage.Dataproviderselenium" name="checking" time="36.572"/>
  <system-out/>
  <testcase classname="testngpackage.Dataproviderselenium" name="checking" time="40.374"/>
  <system-out/>
</testsuite> <!-- testngpackage.Dataproviderselenium -->
