<?xml version="1.0" encoding="UTF-8"?>
<!-- Generated by org.testng.reporters.JUnitReportReporter -->
<testsuite hostname="USC-W-9YFYVL3" failures="0" tests="3" name="testngpackage.multiplelogin" time="112.996" errors="0" timestamp="2023-03-30T15:54:57 EDT" skipped="0">
  <testcase classname="testngpackage.multiplelogin" name="f" time="36.282"/>
  <system-out/>
  <testcase classname="testngpackage.multiplelogin" name="f" time="41.352"/>
  <system-out/>
  <testcase classname="testngpackage.multiplelogin" name="f" time="35.362"/>
  <system-out/>
</testsuite> <!-- testngpackage.multiplelogin -->
