<?xml version="1.0" encoding="UTF-8"?>
<!-- Generated by org.testng.reporters.JUnitReportReporter -->
<testsuite hostname="USC-W-9YFYVL3" failures="0" tests="2" name="testngpackage.Assertafter" time="39.974" errors="0" timestamp="2023-04-03T13:26:48 EDT" skipped="0">
  <testcase classname="testngpackage.Assertafter" name="assertHomePage" time="2.029"/>
  <system-out/>
  <testcase classname="testngpackage.Assertafter" name="performLogin" time="37.945"/>
  <system-out/>
</testsuite> <!-- testngpackage.Assertafter -->
